build/outputs/logs/manifest-merger-debug-report.txt
-- Merging decision tree log ---
manifest
ADDED from src\main\AndroidManifest.xml:2:1-45:12
INJECTED from src\main\AndroidManifest.xml:2:1-45:12
INJECTED from src\main\AndroidManifest.xml:2:1-45:12
INJECTED from src\main\AndroidManifest.xml:2:1-45:12
MERGED from [com.spotify.sdk:spotify-android-auth-1.0.0:] AndroidManifest.xml:22:1-56:12
MERGED from [com.spotify.sdk:spotify-player-24-noconnect-2.20b:] AndroidManifest.xml:22:1-32:12
MERGED from [com.android.support:customtabs:23.4.0] AndroidManifest.xml:17:1-24:12
MERGED from [com.android.volley:volley:1.1.0] AndroidManifest.xml:2:1-11:12
MERGED from [com.android.support:support-v4:23.4.0] AndroidManifest.xml:17:1-24:12
INJECTED from src\main\AndroidManifest.xml:2:1-45:12
INJECTED from src\main\AndroidManifest.xml:2:1-45:12
INJECTED from src\main\AndroidManifest.xml:2:1-45:12
	package
		ADDED from src\main\AndroidManifest.xml:3:5-44
		INJECTED from src\main\AndroidManifest.xml
		INJECTED from src\main\AndroidManifest.xml
	android:versionName
		INJECTED from src\main\AndroidManifest.xml
		ADDED from src\main\AndroidManifest.xml:2:1-45:12
		INJECTED from src\main\AndroidManifest.xml
	android:versionCode
		INJECTED from src\main\AndroidManifest.xml
		ADDED from src\main\AndroidManifest.xml:2:1-45:12
		INJECTED from src\main\AndroidManifest.xml
	xmlns:android
		ADDED from src\main\AndroidManifest.xml:4:5-63
uses-permission#android.permission.INTERNET
ADDED from src\main\AndroidManifest.xml:6:5-66
MERGED from [com.spotify.sdk:spotify-android-auth-1.0.0:] AndroidManifest.xml:31:5-67
MERGED from [com.spotify.sdk:spotify-android-auth-1.0.0:] AndroidManifest.xml:31:5-67
	android:name
		ADDED from src\main\AndroidManifest.xml:6:22-64
uses-permission#android.permission.ACCESS_NETWORK_STATE
ADDED from src\main\AndroidManifest.xml:7:5-78
	android:name
		ADDED from src\main\AndroidManifest.xml:7:22-76
uses-permission#android.permission.WRITE_EXTERNAL_STORAGE
ADDED from src\main\AndroidManifest.xml:8:5-80
	android:name
		ADDED from src\main\AndroidManifest.xml:8:22-78
application
ADDED from src\main\AndroidManifest.xml:10:5-44:19
MERGED from [com.spotify.sdk:spotify-android-auth-1.0.0:] AndroidManifest.xml:33:5-54:19
MERGED from [com.spotify.sdk:spotify-android-auth-1.0.0:] AndroidManifest.xml:33:5-54:19
MERGED from [com.spotify.sdk:spotify-player-24-noconnect-2.20b:] AndroidManifest.xml:30:5-20
MERGED from [com.spotify.sdk:spotify-player-24-noconnect-2.20b:] AndroidManifest.xml:30:5-20
MERGED from [com.android.support:customtabs:23.4.0] AndroidManifest.xml:22:5-20
MERGED from [com.android.support:customtabs:23.4.0] AndroidManifest.xml:22:5-20
MERGED from [com.android.volley:volley:1.1.0] AndroidManifest.xml:9:5-20
MERGED from [com.android.volley:volley:1.1.0] AndroidManifest.xml:9:5-20
MERGED from [com.android.support:support-v4:23.4.0] AndroidManifest.xml:22:5-20
MERGED from [com.android.support:support-v4:23.4.0] AndroidManifest.xml:22:5-20
	android:label
		ADDED from src\main\AndroidManifest.xml:13:9-41
	android:icon
		ADDED from src\main\AndroidManifest.xml:12:9-43
	android:allowBackup
		ADDED from src\main\AndroidManifest.xml:11:9-35
	android:theme
		ADDED from src\main\AndroidManifest.xml:14:9-54
activity#com.spotify.sdk.demo.DemoActivity
ADDED from src\main\AndroidManifest.xml:16:9-23:20
	android:label
		ADDED from src\main\AndroidManifest.xml:18:13-56
	android:name
		ADDED from src\main\AndroidManifest.xml:17:13-61
intent-filter#android.intent.action.MAIN+android.intent.category.LAUNCHER
ADDED from src\main\AndroidManifest.xml:19:13-22:29
action#android.intent.action.MAIN
ADDED from src\main\AndroidManifest.xml:20:17-68
	android:name
		ADDED from src\main\AndroidManifest.xml:20:25-66
category#android.intent.category.LAUNCHER
ADDED from src\main\AndroidManifest.xml:21:17-76
	android:name
		ADDED from src\main\AndroidManifest.xml:21:27-74
activity#com.spotify.sdk.android.authentication.WebAuthResultActivity
ADDED from src\main\AndroidManifest.xml:25:9-38:20
	android:theme
		ADDED from src\main\AndroidManifest.xml:27:13-72
	android:name
		ADDED from src\main\AndroidManifest.xml:26:13-88
intent-filter#android.intent.action.VIEW+android.intent.category.BROWSABLE+android.intent.category.DEFAULT
ADDED from src\main\AndroidManifest.xml:28:13-37:29
action#android.intent.action.VIEW
ADDED from src\main\AndroidManifest.xml:29:17-68
	android:name
		ADDED from src\main\AndroidManifest.xml:29:25-66
category#android.intent.category.DEFAULT
ADDED from src\main\AndroidManifest.xml:31:17-75
	android:name
		ADDED from src\main\AndroidManifest.xml:31:27-73
category#android.intent.category.BROWSABLE
ADDED from src\main\AndroidManifest.xml:32:17-77
	android:name
		ADDED from src\main\AndroidManifest.xml:32:27-75
data
ADDED from src\main\AndroidManifest.xml:34:17-36:50
	android:host
		ADDED from src\main\AndroidManifest.xml:35:21-44
	android:scheme
		ADDED from src\main\AndroidManifest.xml:36:21-48
activity#com.spotify.sdk.android.authentication.LoginActivity
ADDED from src\main\AndroidManifest.xml:40:9-43:20
MERGED from [com.spotify.sdk:spotify-android-auth-1.0.0:] AndroidManifest.xml:49:9-53:20
MERGED from [com.spotify.sdk:spotify-android-auth-1.0.0:] AndroidManifest.xml:49:9-53:20
	android:launchMode
		ADDED from [com.spotify.sdk:spotify-android-auth-1.0.0:] AndroidManifest.xml:51:13-48
	android:theme
		ADDED from src\main\AndroidManifest.xml:42:13-72
	android:name
		ADDED from src\main\AndroidManifest.xml:41:13-80
uses-sdk
INJECTED from src\main\AndroidManifest.xml reason: use-sdk injection requested
INJECTED from src\main\AndroidManifest.xml
INJECTED from src\main\AndroidManifest.xml
MERGED from [com.spotify.sdk:spotify-android-auth-1.0.0:] AndroidManifest.xml:27:5-29:41
MERGED from [com.spotify.sdk:spotify-android-auth-1.0.0:] AndroidManifest.xml:27:5-29:41
MERGED from [com.spotify.sdk:spotify-player-24-noconnect-2.20b:] AndroidManifest.xml:26:5-28:41
MERGED from [com.spotify.sdk:spotify-player-24-noconnect-2.20b:] AndroidManifest.xml:26:5-28:41
MERGED from [com.android.support:customtabs:23.4.0] AndroidManifest.xml:20:5-44
MERGED from [com.android.support:customtabs:23.4.0] AndroidManifest.xml:20:5-44
MERGED from [com.android.volley:volley:1.1.0] AndroidManifest.xml:7:5-43
MERGED from [com.android.volley:volley:1.1.0] AndroidManifest.xml:7:5-43
MERGED from [com.android.support:support-v4:23.4.0] AndroidManifest.xml:20:5-43
MERGED from [com.android.support:support-v4:23.4.0] AndroidManifest.xml:20:5-43
INJECTED from src\main\AndroidManifest.xml
INJECTED from src\main\AndroidManifest.xml
	android:targetSdkVersion
		INJECTED from src\main\AndroidManifest.xml
		ADDED from src\main\AndroidManifest.xml
		INJECTED from src\main\AndroidManifest.xml
	android:minSdkVersion
		INJECTED from src\main\AndroidManifest.xml
		ADDED from src\main\AndroidManifest.xml
		INJECTED from src\main\AndroidManifest.xml
activity#com.spotify.sdk.android.authentication.AuthCallbackActivity
ADDED from [com.spotify.sdk:spotify-android-auth-1.0.0:] AndroidManifest.xml:34:9-48:20
	android:exported
		ADDED from [com.spotify.sdk:spotify-android-auth-1.0.0:] AndroidManifest.xml:36:13-36
	android:theme
		ADDED from [com.spotify.sdk:spotify-android-auth-1.0.0:] AndroidManifest.xml:37:13-72
	android:name
		ADDED from [com.spotify.sdk:spotify-android-auth-1.0.0:] AndroidManifest.xml:35:13-87